C:\USERS\SIMON\DOCUMENTS\GITHUB\POST-PROCESSING\RELEASE\GRAPHICSASSIGN1.OBJ
C:\USERS\SIMON\DOCUMENTS\GITHUB\POST-PROCESSING\RELEASE\GRAPHICSASSIGN1.ASM
C:\USERS\SIMON\DOCUMENTS\GITHUB\POST-PROCESSING\RELEASE\MODEL.OBJ
C:\USERS\SIMON\DOCUMENTS\GITHUB\POST-PROCESSING\RELEASE\MODEL.ASM
C:\USERS\SIMON\DOCUMENTS\GITHUB\POST-PROCESSING\RELEASE\LIGHT.OBJ
C:\USERS\SIMON\DOCUMENTS\GITHUB\POST-PROCESSING\RELEASE\LIGHT.ASM
C:\USERS\SIMON\DOCUMENTS\GITHUB\POST-PROCESSING\RELEASE\MATHIO.OBJ
C:\USERS\SIMON\DOCUMENTS\GITHUB\POST-PROCESSING\RELEASE\MATHIO.ASM
C:\USERS\SIMON\DOCUMENTS\GITHUB\POST-PROCESSING\RELEASE\CVECTOR4.OBJ
C:\USERS\SIMON\DOCUMENTS\GITHUB\POST-PROCESSING\RELEASE\CVECTOR4.ASM
C:\USERS\SIMON\DOCUMENTS\GITHUB\POST-PROCESSING\RELEASE\CVECTOR3.OBJ
C:\USERS\SIMON\DOCUMENTS\GITHUB\POST-PROCESSING\RELEASE\CVECTOR3.ASM
C:\USERS\SIMON\DOCUMENTS\GITHUB\POST-PROCESSING\RELEASE\CVECTOR2.OBJ
C:\USERS\SIMON\DOCUMENTS\GITHUB\POST-PROCESSING\RELEASE\CVECTOR2.ASM
C:\USERS\SIMON\DOCUMENTS\GITHUB\POST-PROCESSING\RELEASE\CQUATTRANSFORM.OBJ
C:\USERS\SIMON\DOCUMENTS\GITHUB\POST-PROCESSING\RELEASE\CQUATTRANSFORM.ASM
C:\USERS\SIMON\DOCUMENTS\GITHUB\POST-PROCESSING\RELEASE\CQUATERNION.OBJ
C:\USERS\SIMON\DOCUMENTS\GITHUB\POST-PROCESSING\RELEASE\CQUATERNION.ASM
C:\USERS\SIMON\DOCUMENTS\GITHUB\POST-PROCESSING\RELEASE\CMATRIX4X4.OBJ
C:\USERS\SIMON\DOCUMENTS\GITHUB\POST-PROCESSING\RELEASE\CMATRIX4X4.ASM
C:\USERS\SIMON\DOCUMENTS\GITHUB\POST-PROCESSING\RELEASE\CMATRIX3X3.OBJ
C:\USERS\SIMON\DOCUMENTS\GITHUB\POST-PROCESSING\RELEASE\CMATRIX3X3.ASM
C:\USERS\SIMON\DOCUMENTS\GITHUB\POST-PROCESSING\RELEASE\CMATRIX2X2.OBJ
C:\USERS\SIMON\DOCUMENTS\GITHUB\POST-PROCESSING\RELEASE\CMATRIX2X2.ASM
C:\USERS\SIMON\DOCUMENTS\GITHUB\POST-PROCESSING\RELEASE\BASEMATH.OBJ
C:\USERS\SIMON\DOCUMENTS\GITHUB\POST-PROCESSING\RELEASE\BASEMATH.ASM
C:\USERS\SIMON\DOCUMENTS\GITHUB\POST-PROCESSING\RELEASE\UTILITY.OBJ
C:\USERS\SIMON\DOCUMENTS\GITHUB\POST-PROCESSING\RELEASE\UTILITY.ASM
C:\USERS\SIMON\DOCUMENTS\GITHUB\POST-PROCESSING\RELEASE\MSDEFINES.OBJ
C:\USERS\SIMON\DOCUMENTS\GITHUB\POST-PROCESSING\RELEASE\MSDEFINES.ASM
C:\USERS\SIMON\DOCUMENTS\GITHUB\POST-PROCESSING\RELEASE\CFATALEXCEPTION.OBJ
C:\USERS\SIMON\DOCUMENTS\GITHUB\POST-PROCESSING\RELEASE\CFATALEXCEPTION.ASM
C:\USERS\SIMON\DOCUMENTS\GITHUB\POST-PROCESSING\RELEASE\CIMPORTXFILE.OBJ
C:\USERS\SIMON\DOCUMENTS\GITHUB\POST-PROCESSING\RELEASE\CIMPORTXFILE.ASM
C:\USERS\SIMON\DOCUMENTS\GITHUB\POST-PROCESSING\RELEASE\COLOURS.OBJ
C:\USERS\SIMON\DOCUMENTS\GITHUB\POST-PROCESSING\RELEASE\COLOURS.ASM
C:\USERS\SIMON\DOCUMENTS\GITHUB\POST-PROCESSING\RELEASE\CTIMER.OBJ
C:\USERS\SIMON\DOCUMENTS\GITHUB\POST-PROCESSING\RELEASE\CTIMER.ASM
C:\USERS\SIMON\DOCUMENTS\GITHUB\POST-PROCESSING\RELEASE\CAMERA.OBJ
C:\USERS\SIMON\DOCUMENTS\GITHUB\POST-PROCESSING\RELEASE\CAMERA.ASM
C:\USERS\SIMON\DOCUMENTS\GITHUB\POST-PROCESSING\RELEASE\TEXTUREMANAGER.OBJ
C:\USERS\SIMON\DOCUMENTS\GITHUB\POST-PROCESSING\RELEASE\TEXTUREMANAGER.ASM
C:\USERS\SIMON\DOCUMENTS\GITHUB\POST-PROCESSING\RELEASE\SCENE.OBJ
C:\USERS\SIMON\DOCUMENTS\GITHUB\POST-PROCESSING\RELEASE\SCENE.ASM
C:\USERS\SIMON\DOCUMENTS\GITHUB\POST-PROCESSING\RELEASE\RENDEROBJECT.OBJ
C:\USERS\SIMON\DOCUMENTS\GITHUB\POST-PROCESSING\RELEASE\RENDEROBJECT.ASM
C:\USERS\SIMON\DOCUMENTS\GITHUB\POST-PROCESSING\RELEASE\INPUT.OBJ
C:\USERS\SIMON\DOCUMENTS\GITHUB\POST-PROCESSING\RELEASE\INPUT.ASM
C:\USERS\SIMON\DOCUMENTS\GITHUB\POST-PROCESSING\RELEASE\VC110.PDB
C:\USERS\SIMON\DOCUMENTS\GITHUB\POST-PROCESSING\RELEASE\GRAPHICSASSIGN1.EXE
C:\USERS\SIMON\DOCUMENTS\GITHUB\POST-PROCESSING\RELEASE\GRAPHICSASSIGN1.PDB
C:\USERS\SIMON\DOCUMENTS\GITHUB\POST-PROCESSING\RELEASE\GRAPHICSASSIGN1.RES
C:\Users\Simon\Documents\GitHub\Post-Processing\Release\BaseMath.obj
C:\Users\Simon\Documents\GitHub\Post-Processing\Release\Camera.obj
C:\Users\Simon\Documents\GitHub\Post-Processing\Release\CFatalException.obj
C:\Users\Simon\Documents\GitHub\Post-Processing\Release\CImportXFile.obj
C:\Users\Simon\Documents\GitHub\Post-Processing\Release\CMatrix2x2.obj
C:\Users\Simon\Documents\GitHub\Post-Processing\Release\CMatrix3x3.obj
C:\Users\Simon\Documents\GitHub\Post-Processing\Release\CMatrix4x4.obj
C:\Users\Simon\Documents\GitHub\Post-Processing\Release\Colours.obj
C:\Users\Simon\Documents\GitHub\Post-Processing\Release\CQuaternion.obj
C:\Users\Simon\Documents\GitHub\Post-Processing\Release\CQuatTransform.obj
C:\Users\Simon\Documents\GitHub\Post-Processing\Release\CTimer.obj
C:\Users\Simon\Documents\GitHub\Post-Processing\Release\CVector2.obj
C:\Users\Simon\Documents\GitHub\Post-Processing\Release\CVector3.obj
C:\Users\Simon\Documents\GitHub\Post-Processing\Release\CVector4.obj
C:\Users\Simon\Documents\GitHub\Post-Processing\Release\GraphicsAssign1.obj
C:\Users\Simon\Documents\GitHub\Post-Processing\Release\Input.obj
C:\Users\Simon\Documents\GitHub\Post-Processing\Release\Light.obj
C:\Users\Simon\Documents\GitHub\Post-Processing\Release\MathIO.obj
C:\Users\Simon\Documents\GitHub\Post-Processing\Release\Model.obj
C:\Users\Simon\Documents\GitHub\Post-Processing\Release\MSDefines.obj
C:\Users\Simon\Documents\GitHub\Post-Processing\Release\RenderObject.obj
C:\Users\Simon\Documents\GitHub\Post-Processing\Release\Scene.obj
C:\Users\Simon\Documents\GitHub\Post-Processing\Release\TextureManager.obj
C:\Users\Simon\Documents\GitHub\Post-Processing\Release\Utility.obj
C:\Users\Simon\Documents\GitHub\Post-Processing\Release\cl.command.1.tlog
C:\Users\Simon\Documents\GitHub\Post-Processing\Release\CL.read.1.tlog
C:\Users\Simon\Documents\GitHub\Post-Processing\Release\CL.read.2.tlog
C:\Users\Simon\Documents\GitHub\Post-Processing\Release\CL.read.3.tlog
C:\Users\Simon\Documents\GitHub\Post-Processing\Release\CL.read.4.tlog
C:\Users\Simon\Documents\GitHub\Post-Processing\Release\CL.read.5.tlog
C:\Users\Simon\Documents\GitHub\Post-Processing\Release\CL.write.1.tlog
C:\Users\Simon\Documents\GitHub\Post-Processing\Release\link-cvtres.read.1.tlog
C:\Users\Simon\Documents\GitHub\Post-Processing\Release\link-cvtres.write.1.tlog
C:\Users\Simon\Documents\GitHub\Post-Processing\Release\link.command.1.tlog
C:\Users\Simon\Documents\GitHub\Post-Processing\Release\link.read.1.tlog
C:\Users\Simon\Documents\GitHub\Post-Processing\Release\link.write.1.tlog
C:\Users\Simon\Documents\GitHub\Post-Processing\Release\rc.command.1.tlog
C:\Users\Simon\Documents\GitHub\Post-Processing\Release\rc.read.1.tlog
C:\Users\Simon\Documents\GitHub\Post-Processing\Release\rc.write.1.tlog
C:\Users\Simon\Documents\GitHub\Post-Processing\Release\GraphicsAssign1.res
C:\Users\Simon\Documents\GitHub\Post-Processing\Release\GraphicsAssign1.pdb
C:\Users\Simon\Documents\GitHub\Post-Processing\Release\vc110.pdb
C:\Users\Simon\Documents\GitHub\Post-Processing\Release\GraphicsAssign1.exe
